#
# There is insufficient memory for the Java Runtime Environment to continue.
# Native memory allocation (malloc) failed to allocate 1048576 bytes. Error detail: AllocateHeap
# Possible reasons:
#   The system is out of physical RAM or swap space
#   This process is running with CompressedOops enabled, and the Java Heap may be blocking the growth of the native heap
# Possible solutions:
#   Reduce memory load on the system
#   Increase physical memory or swap space
#   Check if swap backing store is full
#   Decrease Java heap size (-Xmx/-Xms)
#   Decrease number of Java threads
#   Decrease Java thread stack sizes (-Xss)
#   Set larger code cache with -XX:ReservedCodeCacheSize=
#   JVM is running with Unscaled Compressed Oops mode in which the Java heap is
#     placed in the first 4GB address space. The Java Heap base address is the
#     maximum limit for the native heap growth. Please use -XX:HeapBaseMinAddress
#     to set the Java Heap base and to place the Java Heap above 4GB virtual address.
# This output file may be truncated or incomplete.
#
#  Out of Memory Error (allocation.cpp:44), pid=18060, tid=3996
#
# JRE version:  (21.0.7+6) (build )
# Java VM: OpenJDK 64-Bit Server VM (21.0.7+6-LTS, mixed mode, sharing, tiered, compressed oops, compressed class ptrs, parallel gc, windows-amd64)
# No core dump will be written. Minidumps are not enabled by default on client versions of Windows
#

---------------  S U M M A R Y ------------

Command Line: --add-modules=ALL-SYSTEM --add-opens=java.base/java.util=ALL-UNNAMED --add-opens=java.base/java.lang=ALL-UNNAMED --add-opens=java.base/sun.nio.fs=ALL-UNNAMED -Declipse.application=org.eclipse.jdt.ls.core.id1 -Dosgi.bundles.defaultStartLevel=4 -Declipse.product=org.eclipse.jdt.ls.core.product -Djava.import.generatesMetadataFilesAtProjectRoot=false -DDetectVMInstallationsJob.disabled=true -Dfile.encoding=utf8 -XX:+UseParallelGC -XX:GCTimeRatio=4 -XX:AdaptiveSizePolicyWeight=90 -Dsun.zip.disableMemoryMapping=true -Xmx2G -Xms100m -Xlog:disable -javaagent:c:\Users\pc\.vscode\extensions\redhat.java-1.43.0-win32-x64\lombok\lombok-1.18.39-4050.jar -XX:+HeapDumpOnOutOfMemoryError -XX:HeapDumpPath=c:\Users\pc\AppData\Roaming\Code\User\workspaceStorage\ae7f1b25dd011aa2ec2ada4751153dae\redhat.java -Daether.dependencyCollector.impl=bf c:\Users\pc\.vscode\extensions\redhat.java-1.43.0-win32-x64\server\plugins\org.eclipse.equinox.launcher_1.7.0.v20250519-0528.jar -configuration c:\Users\pc\AppData\Roaming\Code\User\globalStorage\redhat.java\1.43.0\config_win -data c:\Users\pc\AppData\Roaming\Code\User\workspaceStorage\ae7f1b25dd011aa2ec2ada4751153dae\redhat.java\jdt_ws --pipe=\\.\pipe\lsp-62e30a75040b14207ea604731ee9b0bb-sock

Host: AMD Ryzen 5 3500U with Radeon Vega Mobile Gfx  , 8 cores, 5G,  Windows 11 , 64 bit Build 26100 (10.0.26100.2161)
Time: Fri Jun 27 15:58:44 2025 India Standard Time elapsed time: 0.045926 seconds (0d 0h 0m 0s)

---------------  T H R E A D  ---------------

Current thread (0x000001ad9c0233e0):  JavaThread "Unknown thread" [_thread_in_vm, id=3996, stack(0x0000008fed800000,0x0000008fed900000) (1024K)]

Stack: [0x0000008fed800000,0x0000008fed900000]
Native frames: (J=compiled Java code, j=interpreted, Vv=VM code, C=native code)
V  [jvm.dll+0x6ce119]
V  [jvm.dll+0x8a84a1]
V  [jvm.dll+0x8aa9ce]
V  [jvm.dll+0x8ab0b3]
V  [jvm.dll+0x27f8a6]
V  [jvm.dll+0xbfba7]
V  [jvm.dll+0x702260]
V  [jvm.dll+0x702dcc]
V  [jvm.dll+0x6dcc63]
V  [jvm.dll+0x871dbc]
V  [jvm.dll+0x3bc47c]
V  [jvm.dll+0x85a848]
V  [jvm.dll+0x45080e]
V  [jvm.dll+0x452451]
C  [jli.dll+0x5278]
C  [ucrtbase.dll+0x14ea0]
C  [KERNEL32.DLL+0x2dbe7]
C  [ntdll.dll+0xdfbec]


---------------  P R O C E S S  ---------------

Threads class SMR info:
_java_thread_list=0x000001ad9c08f490, length=1, elements={
0x000001ad9c0233e0
}

Java Threads: ( => current thread )
=>0x000001ad9c0233e0 JavaThread "Unknown thread"             [_thread_in_vm, id=3996, stack(0x0000008fed800000,0x0000008fed900000) (1024K)]
Total: 1

Other Threads:
  0x000001adb299ca00 WatcherThread "VM Periodic Task Thread"        [id=13004, stack(0x0000008feda00000,0x0000008fedb00000) (1024K)]
  0x000001ad9c0425e0 WorkerThread "GC Thread#0"                     [id=18388, stack(0x0000008fed900000,0x0000008feda00000) (1024K)]
Total: 2

Threads with active compile tasks:
Total: 0

VM state: not at safepoint (normal execution)

VM Mutex/Monitor currently owned by a thread: None

Heap address: 0x0000000080000000, size: 2048 MB, Compressed Oops mode: 32-bit

CDS archive(s) mapped at: [0x000001adb3000000-0x000001adb3ba0000-0x000001adb3ba0000), size 12189696, SharedBaseAddress: 0x000001adb3000000, ArchiveRelocationMode: 1.
Compressed class space mapped at: 0x000001adb4000000-0x000001adf4000000, reserved size: 1073741824
Narrow klass base: 0x000001adb3000000, Narrow klass shift: 0, Narrow klass range: 0x100000000

GC Precious Log:
 CardTable entry size: 512
 CPUs: 8 total, 8 available
 Memory: 6020M
 Large Page Support: Disabled
 NUMA Support: Disabled
 Compressed Oops: Enabled (32-bit)
 Alignments: Space 512K, Generation 512K, Heap 2M
 Heap Min Capacity: 100M
 Heap Initial Capacity: 100M
 Heap Max Capacity: 2G
 Pre-touch: Disabled
 Parallel Workers: 8

Heap:
 PSYoungGen      total 29696K, used 512K [0x00000000d5580000, 0x00000000d7680000, 0x0000000100000000)
  eden space 25600K, 2% used [0x00000000d5580000,0x00000000d5600020,0x00000000d6e80000)
  from space 4096K, 0% used [0x00000000d7280000,0x00000000d7280000,0x00000000d7680000)
  to   space 4096K, 0% used [0x00000000d6e80000,0x00000000d6e80000,0x00000000d7280000)
 ParOldGen       total 68608K, used 0K [0x0000000080000000, 0x0000000084300000, 0x00000000d5580000)
  object space 68608K, 0% used [0x0000000080000000,0x0000000080000000,0x0000000084300000)
 Metaspace       used 0K, committed 0K, reserved 1048576K
  class space    used 0K, committed 0K, reserved 1048576K

Card table byte_map: [0x000001ad9b9c0000,0x000001ad9bdd0000] _byte_map_base: 0x000001ad9b5c0000

Marking Bits: (ParMarkBitMap*) 0x00007ffcfdc031f0
 Begin Bits: [0x000001adae4c0000, 0x000001adb04c0000)
 End Bits:   [0x000001adb04c0000, 0x000001adb24c0000)

Polling page: 0x000001ad99ff0000

Metaspace:

Usage:
  Non-class:      0 bytes used.
      Class:      0 bytes used.
       Both:      0 bytes used.

Virtual space:
  Non-class space:        0 bytes reserved,       0 bytes (  ?%) committed,  0 nodes.
      Class space:        1.00 GB reserved,       0 bytes (  0%) committed,  1 nodes.
             Both:        1.00 GB reserved,       0 bytes (  0%) committed. 

Chunk freelists:
   Non-Class:  0 bytes
       Class:  16.00 MB
        Both:  16.00 MB

MaxMetaspaceSize: unlimited
CompressedClassSpaceSize: 1.00 GB
Initial GC threshold: 21.00 MB
Current GC threshold: 17179869184.00 GB
CDS: on
 - commit_granule_bytes: 65536.
 - commit_granule_words: 8192.
 - virtual_space_node_default_size: 8388608.
 - enlarge_chunks_in_place: 1.
 - use_allocation_guard: 0.


Internal statistics:

num_allocs_failed_limit: 0.
num_arena_births: 0.
num_arena_deaths: 0.
num_vsnodes_births: 1.
num_vsnodes_deaths: 0.
num_space_committed: 0.
num_space_uncommitted: 0.
num_chunks_returned_to_freelist: 0.
num_chunks_taken_from_freelist: 1.
num_chunk_merges: 0.
num_chunk_splits: 1.
num_chunks_enlarged: 0.
num_inconsistent_stats: 0.

CodeHeap 'non-profiled nmethods': size=120000Kb used=0Kb max_used=0Kb free=120000Kb
 bounds [0x000001ada6ce0000, 0x000001ada6f50000, 0x000001adae210000]
CodeHeap 'profiled nmethods': size=120000Kb used=0Kb max_used=0Kb free=120000Kb
 bounds [0x000001ad9f210000, 0x000001ad9f480000, 0x000001ada6740000]
CodeHeap 'non-nmethods': size=5760Kb used=194Kb max_used=342Kb free=5565Kb
 bounds [0x000001ada6740000, 0x000001ada69b0000, 0x000001ada6ce0000]
 total_blobs=70 nmethods=0 adapters=48
 compilation: enabled
              stopped_count=0, restarted_count=0
 full_count=0

Compilation events (0 events):
No events

GC Heap History (0 events):
No events

Dll operation events (1 events):
Event: 0.014 Loaded shared library c:\Users\pc\.vscode\extensions\redhat.java-1.43.0-win32-x64\jre\21.0.7-win32-x86_64\bin\java.dll

Deoptimization events (0 events):
No events

Classes loaded (0 events):
No events

Classes unloaded (0 events):
No events

Classes redefined (0 events):
No events

Internal exceptions (0 events):
No events

ZGC Phase Switch (0 events):
No events

VM Operations (0 events):
No events

Memory protections (0 events):
No events

Nmethod flushes (0 events):
No events

Events (1 events):
Event: 0.038 Thread 0x000001ad9c0233e0 Thread added: 0x000001ad9c0233e0


Dynamic libraries:
0x00007ff682550000 - 0x00007ff68255e000 	c:\Users\pc\.vscode\extensions\redhat.java-1.43.0-win32-x64\jre\21.0.7-win32-x86_64\bin\java.exe
0x00007ffd64a60000 - 0x00007ffd64cc3000 	C:\WINDOWS\SYSTEM32\ntdll.dll
0x00007ffd62e70000 - 0x00007ffd62f38000 	C:\WINDOWS\System32\KERNEL32.DLL
0x00007ffd620a0000 - 0x00007ffd62451000 	C:\WINDOWS\System32\KERNELBASE.dll
0x00007ffd62690000 - 0x00007ffd627db000 	C:\WINDOWS\System32\ucrtbase.dll
0x00007ffd38c50000 - 0x00007ffd38c6e000 	c:\Users\pc\.vscode\extensions\redhat.java-1.43.0-win32-x64\jre\21.0.7-win32-x86_64\bin\VCRUNTIME140.dll
0x00007ffd32940000 - 0x00007ffd32958000 	c:\Users\pc\.vscode\extensions\redhat.java-1.43.0-win32-x64\jre\21.0.7-win32-x86_64\bin\jli.dll
0x00007ffd628d0000 - 0x00007ffd62a98000 	C:\WINDOWS\System32\USER32.dll
0x00007ffd45ec0000 - 0x00007ffd46150000 	C:\WINDOWS\WinSxS\amd64_microsoft.windows.common-controls_6595b64144ccf1df_6.0.26100.2161_none_3e0cadb0e33078e1\COMCTL32.dll
0x00007ffd627e0000 - 0x00007ffd62807000 	C:\WINDOWS\System32\win32u.dll
0x00007ffd62aa0000 - 0x00007ffd62b49000 	C:\WINDOWS\System32\msvcrt.dll
0x00007ffd649f0000 - 0x00007ffd64a1a000 	C:\WINDOWS\System32\GDI32.dll
0x00007ffd61f70000 - 0x00007ffd62095000 	C:\WINDOWS\System32\gdi32full.dll
0x00007ffd625e0000 - 0x00007ffd62683000 	C:\WINDOWS\System32\msvcp_win.dll
0x00007ffd638a0000 - 0x00007ffd638cf000 	C:\WINDOWS\System32\IMM32.DLL
0x00007ffd4dc20000 - 0x00007ffd4dc2c000 	c:\Users\pc\.vscode\extensions\redhat.java-1.43.0-win32-x64\jre\21.0.7-win32-x86_64\bin\vcruntime140_1.dll
0x00007ffd15290000 - 0x00007ffd1531d000 	c:\Users\pc\.vscode\extensions\redhat.java-1.43.0-win32-x64\jre\21.0.7-win32-x86_64\bin\msvcp140.dll
0x00007ffcfcf50000 - 0x00007ffcfdce0000 	c:\Users\pc\.vscode\extensions\redhat.java-1.43.0-win32-x64\jre\21.0.7-win32-x86_64\bin\server\jvm.dll
0x00007ffd63bc0000 - 0x00007ffd63c74000 	C:\WINDOWS\System32\ADVAPI32.dll
0x00007ffd630a0000 - 0x00007ffd63146000 	C:\WINDOWS\System32\sechost.dll
0x00007ffd635b0000 - 0x00007ffd636c6000 	C:\WINDOWS\System32\RPCRT4.dll
0x00007ffd638e0000 - 0x00007ffd63954000 	C:\WINDOWS\System32\WS2_32.dll
0x00007ffd61ce0000 - 0x00007ffd61d2e000 	C:\WINDOWS\SYSTEM32\POWRPROF.dll
0x00007ffd56170000 - 0x00007ffd5617b000 	C:\WINDOWS\SYSTEM32\VERSION.dll
0x00007ffd55d20000 - 0x00007ffd55d56000 	C:\WINDOWS\SYSTEM32\WINMM.dll
0x00007ffd61c10000 - 0x00007ffd61c24000 	C:\WINDOWS\SYSTEM32\UMPDC.dll
0x00007ffd60c60000 - 0x00007ffd60c7a000 	C:\WINDOWS\SYSTEM32\kernel.appcore.dll
0x00007ffd4d860000 - 0x00007ffd4d86a000 	c:\Users\pc\.vscode\extensions\redhat.java-1.43.0-win32-x64\jre\21.0.7-win32-x86_64\bin\jimage.dll
0x00007ffd5f8e0000 - 0x00007ffd5fb21000 	C:\WINDOWS\SYSTEM32\DBGHELP.DLL
0x00007ffd63230000 - 0x00007ffd635ad000 	C:\WINDOWS\System32\combase.dll
0x00007ffd62bb0000 - 0x00007ffd62c86000 	C:\WINDOWS\System32\OLEAUT32.dll
0x00007ffd4a460000 - 0x00007ffd4a499000 	C:\WINDOWS\SYSTEM32\dbgcore.DLL
0x00007ffd61ed0000 - 0x00007ffd61f69000 	C:\WINDOWS\System32\bcryptPrimitives.dll
0x00007ffd4d6a0000 - 0x00007ffd4d6af000 	c:\Users\pc\.vscode\extensions\redhat.java-1.43.0-win32-x64\jre\21.0.7-win32-x86_64\bin\instrument.dll
0x00007ffd2f130000 - 0x00007ffd2f14f000 	c:\Users\pc\.vscode\extensions\redhat.java-1.43.0-win32-x64\jre\21.0.7-win32-x86_64\bin\java.dll

dbghelp: loaded successfully - version: 4.0.5 - missing functions: none
symbol engine: initialized successfully - sym options: 0x614 - pdb path: .;c:\Users\pc\.vscode\extensions\redhat.java-1.43.0-win32-x64\jre\21.0.7-win32-x86_64\bin;C:\WINDOWS\SYSTEM32;C:\WINDOWS\WinSxS\amd64_microsoft.windows.common-controls_6595b64144ccf1df_6.0.26100.2161_none_3e0cadb0e33078e1;c:\Users\pc\.vscode\extensions\redhat.java-1.43.0-win32-x64\jre\21.0.7-win32-x86_64\bin\server

VM Arguments:
jvm_args: --add-modules=ALL-SYSTEM --add-opens=java.base/java.util=ALL-UNNAMED --add-opens=java.base/java.lang=ALL-UNNAMED --add-opens=java.base/sun.nio.fs=ALL-UNNAMED -Declipse.application=org.eclipse.jdt.ls.core.id1 -Dosgi.bundles.defaultStartLevel=4 -Declipse.product=org.eclipse.jdt.ls.core.product -Djava.import.generatesMetadataFilesAtProjectRoot=false -DDetectVMInstallationsJob.disabled=true -Dfile.encoding=utf8 -XX:+UseParallelGC -XX:GCTimeRatio=4 -XX:AdaptiveSizePolicyWeight=90 -Dsun.zip.disableMemoryMapping=true -Xmx2G -Xms100m -Xlog:disable -javaagent:c:\Users\pc\.vscode\extensions\redhat.java-1.43.0-win32-x64\lombok\lombok-1.18.39-4050.jar -XX:+HeapDumpOnOutOfMemoryError -XX:HeapDumpPath=c:\Users\pc\AppData\Roaming\Code\User\workspaceStorage\ae7f1b25dd011aa2ec2ada4751153dae\redhat.java -Daether.dependencyCollector.impl=bf 
java_command: c:\Users\pc\.vscode\extensions\redhat.java-1.43.0-win32-x64\server\plugins\org.eclipse.equinox.launcher_1.7.0.v20250519-0528.jar -configuration c:\Users\pc\AppData\Roaming\Code\User\globalStorage\redhat.java\1.43.0\config_win -data c:\Users\pc\AppData\Roaming\Code\User\workspaceStorage\ae7f1b25dd011aa2ec2ada4751153dae\redhat.java\jdt_ws --pipe=\\.\pipe\lsp-62e30a75040b14207ea604731ee9b0bb-sock
java_class_path (initial): c:\Users\pc\.vscode\extensions\redhat.java-1.43.0-win32-x64\server\plugins\org.eclipse.equinox.launcher_1.7.0.v20250519-0528.jar
Launcher Type: SUN_STANDARD

[Global flags]
    uintx AdaptiveSizePolicyWeight                 = 90                                        {product} {command line}
     intx CICompilerCount                          = 4                                         {product} {ergonomic}
    uintx GCTimeRatio                              = 4                                         {product} {command line}
     bool HeapDumpOnOutOfMemoryError               = true                                   {manageable} {command line}
    ccstr HeapDumpPath                             = c:\Users\pc\AppData\Roaming\Code\User\workspaceStorage\ae7f1b25dd011aa2ec2ada4751153dae\redhat.java         {manageable} {command line}
   size_t InitialHeapSize                          = 104857600                                 {product} {command line}
   size_t MaxHeapSize                              = 2147483648                                {product} {command line}
   size_t MaxNewSize                               = 715653120                                 {product} {ergonomic}
   size_t MinHeapDeltaBytes                        = 524288                                    {product} {ergonomic}
   size_t MinHeapSize                              = 104857600                                 {product} {command line}
   size_t NewSize                                  = 34603008                                  {product} {ergonomic}
    uintx NonNMethodCodeHeapSize                   = 5839372                                {pd product} {ergonomic}
    uintx NonProfiledCodeHeapSize                  = 122909434                              {pd product} {ergonomic}
   size_t OldSize                                  = 70254592                                  {product} {ergonomic}
    uintx ProfiledCodeHeapSize                     = 122909434                              {pd product} {ergonomic}
    uintx ReservedCodeCacheSize                    = 251658240                              {pd product} {ergonomic}
     bool SegmentedCodeCache                       = true                                      {product} {ergonomic}
   size_t SoftMaxHeapSize                          = 2147483648                             {manageable} {ergonomic}
     bool UseCompressedOops                        = true                           {product lp64_product} {ergonomic}
     bool UseLargePagesIndividualAllocation        = false                                  {pd product} {ergonomic}
     bool UseParallelGC                            = true                                      {product} {command line}

Logging:
Log output configuration:
 #0: stdout all=off uptime,level,tags foldmultilines=false
 #1: stderr all=off uptime,level,tags foldmultilines=false

Environment Variables:
JAVA_HOME=C:\Program Files\Java\jdk-21
PATH=C:\Program Files\Common Files\Oracle\Java\javapath;C:\Program Files (x86)\NVIDIA Corporation\PhysX\Common;C:\WINDOWS\system32;C:\WINDOWS;C:\WINDOWS\System32\Wbem;C:\WINDOWS\System32\WindowsPowerShell\v1.0\;C:\WINDOWS\System32\OpenSSH\;C:\Program Files\Java\jdk-21\bin;C:\Program Files\Git\cmd;C:\Program Files\MySQL\MySQL Server 8.0\bin;C:\Users\pc\Downloads\games\apache-maven-3.9.9-bin\apache-maven-3.9.9\bin;C:\Program Files\PostgreSQL\17\bin;C:\Program Files\nodejs\;C:\Users\pc\AppData\Local\Microsoft\WindowsApps;C:\Users\pc\AppData\Local\GitHubDesktop\bin;;C:\Users\pc\AppData\Local\Microsoft\WindowsApps;C:\Users\pc\AppData\Local\Programs\Microsoft VS Code\bin;C:\Users\pc\AppData\Roaming\npm
USERNAME=pc
OS=Windows_NT
PROCESSOR_IDENTIFIER=AMD64 Family 23 Model 24 Stepping 1, AuthenticAMD
TMP=C:\Users\pc\AppData\Local\Temp
TEMP=C:\Users\pc\AppData\Local\Temp




Periodic native trim disabled

---------------  S Y S T E M  ---------------

OS:
 Windows 11 , 64 bit Build 26100 (10.0.26100.2161)
OS uptime: 0 days 5:48 hours
Hyper-V role detected

CPU: total 8 (initial active 8) (8 cores per cpu, 2 threads per core) family 23 model 24 stepping 1 microcode 0x8108102, cx8, cmov, fxsr, ht, mmx, 3dnowpref, sse, sse2, sse3, ssse3, sse4a, sse4.1, sse4.2, popcnt, lzcnt, tsc, tscinvbit, avx, avx2, aes, clmul, bmi1, bmi2, adx, sha, fma, vzeroupper, clflush, clflushopt, hv, rdtscp, f16c
Processor Information for the first 8 processors :
  Max Mhz: 2100, Current Mhz: 2100, Mhz Limit: 2100

Memory: 4k page, system-wide physical 6020M (510M free)
TotalPageFile size 26100M (AvailPageFile size 4M)
current process WorkingSet (physical memory assigned to process): 25M, peak: 25M
current process commit charge ("private bytes"): 204M, peak: 205M

vm_info: OpenJDK 64-Bit Server VM (21.0.7+6-LTS) for windows-amd64 JRE (21.0.7+6-LTS), built on 2025-04-15T00:00:00Z by "admin" with MS VC++ 17.7 (VS2022)

END.
